<?xml version="1.0" encoding="UTF-8"?>
<!-- Generated by org.testng.reporters.JUnitXMLReporter -->
<testsuite hostname="DESKTOP-TVUQG8P" ignored="0" name="Command line test" tests="6" failures="0" timestamp="14 Oct 2019 19:34:50 GMT" time="0.122" errors="0">
  <testcase name="IOSApps" time="0.021" classname="qaclickacademy.AppiumTest"/>
  <testcase name="NativeAndroid" time="0.001" classname="qaclickacademy.AppiumTest"/>
  <testcase name="deleteTwitter" time="0.0" classname="qaclickacademy.RESTAPITest"/>
  <testcase name="postjira" time="0.001" classname="qaclickacademy.RESTAPITest"/>
  <testcase name="BrowserAutomatio" time="0.0" classname="qaclickacademy.SeleniumTest"/>
  <testcase name="element" time="0.004" classname="qaclickacademy.SeleniumTest"/>
</testsuite> <!-- Command line test -->
